1: {Bxh2}
1: 
1: {Bxa2}{Bxh3}{Bxg4}
1: {Bxg2}{Bxc6}
1: 
1: 
1: 
1: {Bxa7}
1: {Bxa2}
1: 
1: 
1: 
1: {Bxb2}{Bxg7}{Bxb6}{Bxa7}{Bxg2}{Bxf3}
1: 
1: 
1: {Bxb2}{Bxc3}{Bxe5}{Bxg7}
1: 
1: 
1: 
1: {Bxe4}{Bxe4}
1: 
1: {Bxf7}
1: {Bxg7}
1: 
1: {Bxe4}{Bxb5}
1: {Bxg4}
1: {Bxb4}
1: {Bxa2}{Bxc2}{Bxd5}{Bxe6}{Bxf7}
1: {Bxc2}{Bxa2}{Bxd5}{Bxf7}
1: 
1: {Bxg7}{Bxa2}{Bxg2}{Bxc6}{Bxb7}{Bxf7}
1: 
1: {Bxd5}
1: {Bxa2}{Bxd3}{Bxf7}{Bxf2}{Bxd6}{Bxa7}
1: 
1: {Bxb2}{Bxd4}{Bxg7}
1: {Bxb2}{Bxf4}{Bxh2}{Bxf4}
1: {Bxf2}{Bxe3}{Bxa7}
1: {Bxf5}
1: {Bxa3}{Bxc2}{Bxh5}
1: {Bxh2}
1: {Bxg2}{Bxc4}
1: {Bxc3}{Bxg5}
1: {Bxd7}
1: 
1: {Bxf4}{Bxa2}{Bxh3}{Bxg4}{Bxf7}
1: {Bxa2}{Bxb3}{Bxc4}{Bxe6}{Bxg6}
1: {Bxg2}{Bxe4}{Bxc6}{Bxb7}{Bxh2}{Bxd6}{Bxd6}{Bxg7}
1: 
1: 
1: {Bxg3}{Bxh4}
1: {Bxa5}{Bxh6}
1: {Bxb2}{Bxe5}{gxc2}{Bxd5}{Bxb2}{Bxe5}{Bxh6}
1: 
1: {Bxb2}{Bxd4}{Bxe5}
1: {Bxa3}{Bxf4}{Bxh6}{Bxa7}
1: {Bxf2}{Bxb6}{Bxg2}
1: {Bxh4}
1: {Bxb7}
1: {Bxd5}{Bxf7}{Bxd6}
1: {Bxh2}{Bxg7}
1: {Bxb7}
1: {Bxg2}{Bxe4}
1: {Bxb2}{Bxc2}{Bxe4}{Bxa6}{Bxf2}{Bxh3}{Bxa6}{Bxe6}{Bxb7}{Bxd7}
1: {Bxc5}{Bxb6}{Bxa7}{Bxc2}{Bxg6}{Bxh7}
1: {Bxc4}{Bxb5}{Bxa6}{Bxf2}{Bxg2}{Bxa6}
1: {Rxb2}{Rxg7}
1: {Bxc2}{Bxb5}{Bxf5}{Bxh7}
1: 
1: 
1: {Bxa2}{Bxb3}{Bxb7}
1: {Bxb6}
1: {Bxe2}{Bxg2}{Bxa6}{Bxb2}{Bxg7}{Bxa6}{Bxb7}
1: {Bxb5}
1: {Bxf2}{Bxe3}{Bxa7}
1: {Bxf5}{Bxb7}
1: 
1: 
1: 
1: 
1: {Bxb2}{Bxe2}{Bxg2}{Bxc4}{Bxb7}{Bxd7}
1: 
1: {Bxg3}
1: 
1: {Bxf2}{Bxb2}{Bxg7}
1: {Bxg2}{Bxe6}{Bxb7}
1: {Bxa6}
1: {Bxb2}{Bxh7}{Bxf7}{Bxh7}
1: {Bxd4}{Bxe5}{Bxd4}{Bxe5}
1: {Bxg7}
1: 
1: 
1: {Bxe4}
1: {Bxa7}
1: {Bxc4}{Bxf2}{Bxh2}{Bxc3}{Bxb7}
1: {Bxf4}
1: {Bxb2}{Bxf4}
1: {Bxa6}{Bxb2}{Bxf2}{Bxe5}{Bxg7}{Bxa2}{Bxf7}
1: 
1: 
1: {Bxc6}{Bxb7}{Bxd6}{Bxh6}
1: {Bxd4}
1: {Bxe2}{Bxh3}
1: {Bxa2}{Bxg2}{Bxf7}
1: {Bxg2}{Bxh5}{Bxc6}{Bxb7}{Bxb2}{Bxf6}
1: {Bxf2}{Bxc5}{Bxg7}{Bxa3}{Bxb4}{Bxc5}{Bxd6}
1: {Bxc2}{Bxa4}{Bxe6}{Bxa4}{Bxe6}
1: {Bxc6}{Bxb7}
1: 
1: {Bxf4}
1: {Bxb2}{Bxe5}{Bxg7}
1: {Bxb2}{Bxc5}
1: 
1: 
1: 
1: {Bxd5}{Bxb7}
1: {Bxa2}{Bxh5}
1: {Bxb2}{Bxc3}{Bxd4}
1: {Bxg7}{Bxg3}{Bxa7}
1: {Bxg7}
1: {Bxf4}{Bxc5}{Bxa7}
1: {Bxc4}{Bxd5}{Bxf7}{Bxa3}

1: 
1: {Bxc6}{Bxb4}
1: {Bxg7}
1: {dxa2}{dxg2}{dxc6}{dxf7}
1: 
1: {cxe5}{cxf6}{cxg7}{Bxf2}{Bxe5}{Bxc7}
1: 
1: {Bxa4}{Bxh2}{Bxg3}{Bxf4}{Bxe5}
1: {Bxe3}{Bxb4}{Bxg7}
1: 
1: 
1: {Bxh2}{Bxg3}{Bxd6}{Bxc7}
1: {Bxb2}{Bxh2}{Bxg3}{Bxe5}
1: {Bxd5}{Bxa6}{Bxf7}{Bxc2}{Bxg6}{Bxh7}{Bxe7}{Bxb2}{Bxe5}
1: {Bxc3}
1: {Bxc4}{Bxa2}{Bxb3}{Bxc4}{Bxf7}
1: {Bxa2}{Bxd3}{Bxf7}{Bxb2}{Bxf5}{Bxb7}{Bxd7}
1: 
1: {Bxg2}{Bxf3}{Bxd5}
1: {Bxg7}
1: 
1: 
1: 
1: 
1: {Bxa3}{Bxg2}{Bxf3}{Bxa4}
1: {Bxb2}{Bxc3}{Bxd4}
1: 
1: 
1: 
1: {Bxb2}{Bxd2}{Bxb7}{Bxf5}{Bxe6}{Bxb7}{Bxc5}{Bxg7}
1: 
1: {Bxc4}{Bxf5}{Bxc5}{Bxd6}
1: 
1: 
1: {Bxf5}
1: 
1: {Bxb2}{Bxd2}{Bxe3}{Bxh6}{Bxc7}{Bxa2}{Bxd5}{Bxe6}
1: {Bxd3}{Bxa6}{Bxc5}{Bxf2}{Bxc5}
1: {Bxh2}{Bxd6}{Bxd6}{Bxb7}
1: {Bxa3}
1: {Rxb4}{Bxh2}{Bxe5}
1: {Bxc2}{Bxb5}{Bxa6}{Bxg6}{Bxa6}
1: {Bxc4}{Bxe4}{Bxa6}{Bxh7}{Bxd6}
1: {Bxf2}{Bxb6}{Bxh6}{Bxa7}{Bxg7}
1: {Bxf2}{Bxg5}{Bxb6}{Bxa7}
1: 
1: {Bxe5}
1: 
1: {Bxg7}{Bxc5}
1: {Bxc2}{Bxe4}{Bxf5}{Bxa6}{Bxh3}{Bxf5}{Bxa6}{Bxe6}{Bxb7}
1: 
1: 
1: {Bxf2}{Bxe3}{Bxf6}{Bxa3}
1: 
1: {Bxb2}{Bxh6}{Bxa2}{Bxd3}{Bxf7}{Bxf2}{Bxd6}{Bxa7}
1: {Bxe6}{Bxb7}
1: {Bxb2}{Bxh2}{Bxg7}
1: {Bxc5}{Bxf6}
1: {Bxg2}{Bxe5}{Bxb7}{Bxc5}
1: {Bxc4}
1: {Bxd5}{Bxb7}{Bxh7}{Bxf2}{Bxa7}{Bxc7}
1: 
1: 
1: 
1: 
1: 
1: 
1: {Bxe4}{Bxf4}{Bxa3}{Bxb6}
1: 
1: {Bxb5}
1: {Bxd4}{Bxg5}{Bxh6}
1: {Bxg2}{Bxh3}{Bxg2}{Bxe4}{Bxd5}{Bxb7}{Bxb2}{Bxg7}
1: 
1: {Bxf2}{Bxh2}{dxa2}{dxg2}{Bxb2}{Bxf6}
1: 
1: {Bxh6}
1: {Bxb2}{Bxg2}{Bxc6}{Bxb7}{Bxh2}{Bxc7}
1: 
1: {Bxb2}{Bxa3}{Bxa3}{Bxa6}{Bxe6}
1: {Bxf2}{Bxh2}
1: 
1: 
1: {Bxc2}{Bxe4}{Bxa6}{Bxh7}{Bxb2}{Bxb6}{Bxa6}{Bxe6}{Bxd7}
1: {Bxg7}
1: {Bxf2}{Bxc5}{Bxa7}{Bxc5}{Bxg7}
1: {Bxf2}{Bxd4}
1: {exc2}{exh7}
1: {Bxb2}{Bxe3}{Bxf2}{Bxe3}{Bxb6}{Bxa2}{Bxf7}
1: 
1: 
1: {Bxc2}{Bxf5}{Bxh7}{Bxd6}{Bxa7}
1: {Bxg2}{Bxe6}{Bxf7}
1: {Bxh6}{Bxa7}{Bxa2}{Bxf7}{Bxa2}{Bxg4}{Bxf7}{Bxb2}{Bxe5}{Bxh6}
1: {Bxe4}
1: {Bxb2}{Bxe3}{Bxg6}{Bxh7}{Bxf6}{Bxe6}{Bxb7}
1: {Bxh2}
1: {Bxf2}{Bxd4}{Bxh6}{Bxf2}{Bxd4}
1: {Bxh3}
1: {Bxb2}{Bxf2}{Bxd4}{Bxa7}
1: {Bxb7}{Bxa2}{Bxf7}
1: {Bxe6}{Bxd7}{Bxg2}{Bxa6}
1: {Bxg2}
1: {Bxb6}
1: 
1: {Bxe4}{Bxf2}{Bxd6}
1: 
1: 
1: {Bxa6}

1: 
1: {Bxg6}{Bxh7}{Bxg2}{Bxh2}{Bxb6}
1: {Bxa2}{Bxc2}{Bxf7}{Bxa2}{Bxf7}
1: {Bxh4}{Bxb6}{Bxa7}
1: {Bxb4}
1: {Bxc4}{hxg2}
1: {Bxa2}
1: 
1: 
1: {Bxd3}{Bxf2}{Bxa7}{Bxh2}{Bxc7}{Bxa2}{Bxf7}
1: {Bxf6}{Bxg7}
1: 
1: {Bxa6}{Bxb2}{Bxc3}{Bxd4}{Bxh4}{Bxa6}{Bxe6}{Bxb7}
1: {Bxh2}{Bxe5}{Bxd6}{Bxg2}{Bxf3}{Bxc4}{Bxe5}{Bxh6}{Bxf5}
1: {Bxa2}{Bxb3}{Bxc4}
1: 
1: {Bxd3}{Bxf7}{Bxh3}{Bxf7}
1: {Bxa3}{Bxg2}{Bxe4}{Bxb7}
1: {Bxb2}{Bxe2}{Bxg2}{Bxc4}{Bxe7}{Bxg7}
1: {Bxg2}{Bxh3}{Bxb5}{Bxa6}{Bxh6}
1: 
1: 
1: {Bxg2}{Bxf3}{Bxb7}
1: 
1: 
1: {Bxb2}{Bxg5}{Bxa2}{Bxd3}{Bxb7}{Bxd7}
1: {Bxb5}
1: {Bxg2}{Bxb2}{Bxd4}{Bxe5}{Bxg7}{Bxg2}{Bxh2}{Bxf4}{Bxe5}{Bxc7}
1: {Bxh2}{Bxg3}{Bxc7}{Bxb4}{Bxa7}
1: {Bxd6}
1: {Bxg2}{Bxd5}{Bxb7}
1: 
1: {Bxb2}{Bxh6}{Bxb2}{Bxc3}{Bxe5}{Bxh6}
1: 
1: {Bxb4}{Bxa6}{Bxh2}{Bxg3}{Bxe5}
1: {Bxg2}{Bxh3}{Bxa6}{Bxa3}{Bxe5}
1: 
1: 
1: {Bxf7}
1: {Bxa2}
1: {Bxa4}{Bxf7}
1: 
1: {Bxc3}{Bxc7}{Bxb7}{Bxd7}
1: {Bxa3}{Bxg7}{Bxe2}
1: {exa2}{exh3}{exc4}{exf7}
1: {Bxe6}{Bxd4}{Bxh6}
1: {Bxg7}
1: 
1: {Bxg2}{Bxc6}{Bxb7}
1: 
1: 
1: 
1: 
1: {Bxg7}{Bxg2}{Bxd5}
1: {Bxb2}{Bxh6}{Bxf3}{Bxh5}
1: {Bxd3}{Bxd6}{Bxg7}
1: 
1: {Bxa6}{Bxh7}
1: {Bxc5}{Bxa7}
1: {Bxf6}{Bxg7}{Bxd3}{Bxh2}{Bxf4}{Bxc5}
1: {Bxa7}
1: {dxf2}{dxc5}{dxg7}{Bxg4}{Bxa6}
1: {Bxf2}{Bxc3}{Bxg7}{Bxh3}{Bxa4}
1: {Bxh7}{Bxb4}
1: 
1: 
1: 
1: {Bxf2}{Bxh6}{Bxa7}{Bxf3}{Bxh6}{Bxg7}
1: {Bxd3}{Bxh3}{Bxd3}{Bxg7}{Bxg3}{Bxb6}
1: {Bxg2}{Bxb7}
1: {Bxe2}{Bxg2}{Bxc4}{Bxd6}{Bxg4}{Bxe6}{Bxb7}
1: {Bxe5}
1: {Rxg3}
1: {Bxe6}
1: {Bxc4}{Bxb5}{Bxg6}{Bxh7}{Bxc5}{Bxe6}
1: {Bxg2}{Bxe4}{Bxh3}
1: 
1: {Bxh2}
1: {Bxg2}
1: {Bxa4}{Bxf5}{Bxb5}
1: {Bxd3}
1: {Bxg2}{Bxf3}{Bxa4}{Bxe4}
1: 
1: 
1: {Bxf7}
1: {Bxb2}{Bxc3}
1: 
1: 
1: {Bxb2}{Bxd4}{Bxf6}
1: {Bxh6}
1: {Bxc4}{Bxh3}{Bxb7}
1: {Bxe5}
1: {Bxa2}{Bxb3}
1: {Bxf3}{Bxh3}{Bxe4}{Bxc6}{Bxa2}{Bxe3}{Bxb2}
1: {Bxf2}{Bxa5}
1: {Bxc4}{Bxd5}{Bxf7}
1: {Bxb2}{Bxg2}{Bxd5}
1: {Bxb2}{Bxb2}{Bxa7}{Bxg7}{Bxb7}
1: {Bxe2}{Bxg2}{Bxh3}{Bxg7}{Bxe2}{Bxh3}
1: {Bxd4}{Bxd4}
1: {Bxa3}{Bxf2}
1: {Bxg2}{Bxe4}{Bxb7}{Bxf2}{Bxh2}{Bxd6}{Bxc7}{Bxb2}
1: {Bxd5}{Bxf7}{Bxa3}{Bxc5}
1: {Bxf2}{Bxc5}{Bxa2}{Bxg2}{Bxf7}{Bxa6}{Bxc5}{Bxg7}

1: {Bxb3}{Bxg6}{Bxh7}
1: {Bxh3}{Bxe4}
1: {Bxb2}{Bxa3}{Bxf4}{Bxa6}{Bxf7}{Bxa3}{Bxd6}{Bxa6}{Bxb7}
1: {Bxd5}
1: {Bxc2}{Bxh7}
1: 
1: {Bxa3}{Bxd4}{Bxg7}{Bxc2}{Bxb5}{Bxa6}{Bxh7}{Bxg2}{Bxa6}
1: {Bxb3}{Bxh3}{Bxf5}
1: 
1: {Bxc4}{Bxh7}{Bxb7}
1: {Bxa2}{Bxb3}{Bxc5}{Bxe5}
1: {Bxh4}{Bxg5}
1: {Bxf5}{Bxc6}{Bxg6}
1: 
1: 
1: {Bxc4}{Bxa6}{Bxg6}{Bxh7}{Bxe3}{Bxe7}{Bxa6}{Bxb7}{Bxd6}{Bxe7}
1: 
1: {Bxb2}{Bxh6}{Bxe2}{Bxg2}{Bxd3}{Bxb7}{Bxc5}{Bxh6}
1: {Bxg2}{Bxb5}
1: {Rxg2}{Rxf3}{Rxe6}{Rxf7}
1: {Bxh2}{Bxf4}{Bxg7}
1: 
1: {Bxc6}{Bxb7}
1: {Bxh6}
1: {Bxh7}{Bxf2}
1: {Bxh2}{Bxg3}
1: {Bxc5}
1: {Bxf2}{Bxd4}{Bxa7}{Bxc2}{Bxe6}{Bxh7}{Bxh2}{Bxc7}
1: {Bxb2}{Bxd2}{Bxf4}{Bxg2}{Bxh3}{Bxh3}{Bxa7}
1: {Bxg4}
1: {Bxg2}{Bxh2}{Bxc7}{Bxf5}{Bxb7}
1: {Bxf4}{Bxb5}{Bxc5}{Bxd6}
1: 
1: {Bxb2}{Bxh6}{Bxh3}{Bxf5}
1: {Bxc2}{Bxe4}{Bxa6}{Bxh7}{Bxg2}{Bxe4}{Bxa6}{Bxb6}{Bxb2}{Bxd4}
1: {Bxh4}
1: {Bxf4}{Bxa2}
1: {Bxa3}{Bxe3}{Bxb7}
1: {Bxg5}{Bxg5}
1: {Bxf2}{Bxd4}{Bxh6}{Bxa7}
1: {Bxa2}{Bxc2}
1: {Bxc2}{Bxg6}{Bxh7}{Bxe7}
1: {Bxf2}{Bxd4}{Bxa7}{Bxa2}{Bxe6}{Bxf7}
1: {Bxg2}{Bxh5}
1: 
1: 
1: {Bxd5}{Bxa6}{Bxb2}{Bxc3}
1: {Bxg7}
1: {Bxa2}{Bxg2}{Bxb7}{Bxd4}{Bxa6}{Bxb7}
1: 
1: 
1: 
1: {Bxe5}{Bxb6}{Bxa7}{Bxe5}
1: {Bxe5}
1: {Bxd4}{Bxe3}
1: {Bxe2}{Bxg2}{Bxh7}
1: {Bxb2}
1: {Bxg2}{Bxh2}{Bxe5}{Bxc7}{Bxa2}{Bxf7}{Bxc3}{Bxe5}
1: {Bxd3}
1: {Bxg2}{Bxe4}{Bxa6}
1: 
1: {Bxb2}{Bxa4}{Bxc4}{Bxf7}{Bxb2}{Bxd4}
1: {Bxa3}
1: {Bxh3}{Bxe4}
1: {Bxh6}{Bxd6}
1: {Bxe4}{Bxb2}{Bxe5}{Bxf6}{Bxa7}{Bxd5}
1: {Bxg2}{Bxb7}{Bxb7}
1: 
1: {Bxb2}{Bxg2}{Bxh3}{Bxb2}{Bxf2}{Bxa7}{Bxg7}{Bxh3}{Bxh5}
1: {exd5}{Bxe4}{Bxd5}
1: {Bxf2}{Bxa7}{Bxg7}{Bxd3}{Bxa2}{Bxh3}{Bxf7}
1: {Bxf3}{Bxc6}{Bxb7}{Bxd6}{Bxh6}
1: 
1: {Bxb2}{Bxh2}{Bxd4}{Bxc7}{Bxe6}{Bxb2}{Bxd4}
1: 
1: 
1: {Bxb2}{Bxe5}
1: {Bxf2}{Bxa7}
1: {Bxb2}{Bxf2}{Bxg7}{Bxa3}{Bxg5}
1: {Bxb6}{Bxa7}
1: {Bxc5}{Bxc3}{Bxh6}
1: 
1: {Bxa4}{Bxd5}{Bxe6}{Bxb2}{Bxf3}{Bxb2}{Bxh6}
1: {Bxb5}{Bxf5}{Bxh7}{Bxb5}
1: {Bxb2}{Bxh2}{Bxg7}
1: {Bxf4}
1: 
1: {Bxh4}{Bxg5}{Bxd6}
1: {Rxa2}{Rxb3}{Rxf7}
1: {Bxg7}
1: {Bxe4}{Bxe7}
1: {Bxb2}{Bxe3}
1: {Bxe4}{Bxd5}
1: {Bxb2}{Bxd3}{Bxh3}{Bxg6}
1: 

1: 
1: {Rxb2}
1: {Bxg2}{Bxc3}{Bxg7}
1: 
1: 
1: {Bxf2}{Bxb4}
1: {Bxf4}{Bxb6}{Bxa7}{Bxa2}{Bxb6}{Bxa7}{Bxg2}{Bxe4}
1: {Bxc4}{Bxa6}{Bxf4}{Bxb2}{Bxa6}{Bxb7}
1: {Bxa3}{Bxd5}{Bxd5}
1: {Bxd4}{Bxh6}
1: {Bxc4}{Bxe4}
1: 
1: 
1: {Bxd4}{Bxg5}{Bxa7}
1: {Bxf2}{Bxg7}
1: {Bxh2}{Bxe3}{Bxe5}{Bxc7}{Bxg7}
1: {Bxa2}{Bxg2}{Bxb3}{Bxc4}{Bxf5}{Bxa6}
1: {Bxa7}
1: {Bxg7}
1: {Bxb6}{Bxh6}{Bxh6}{Bxe4}{Bxf7}
1: {Bxe2}{Bxg2}{Bxc4}{Bxf2}{Bxh2}{Bxh4}{Bxc7}{Bxg2}
1: 
1: {Bxe6}{Bxf7}
1: 
1: {Bxd6}{Bxd6}
1: {Bxc4}{Bxh7}{Bxf7}{gxb2}{gxc3}
1: {Bxg2}{Bxc4}{Bxf2}{Bxh2}{Bxc7}{Bxh7}{Bxe7}
1: {Bxg2}{Bxd5}{Bxb7}
1: 
1: 
1: {Bxf5}
1: 
1: {Bxa2}{Bxb3}{Bxe6}{Bxe6}{Bxb7}
1: {Bxb3}{Bxe4}{Bxg6}{Bxh7}{Bxb6}{Bxa7}
1: {Bxe6}{Bxb4}{Bxh4}{Bxc5}
1: 
1: 
1: {Bxe3}{Bxa7}
1: {Bxg6}
1: {Bxe5}{Bxd6}{Bxc7}{Bxg4}{Bxb2}{Bxc3}{Bxe5}{Bxh6}
1: {Bxf5}{Bxh7}{Bxh3}{Bxf5}{Bxe6}
1: {Bxb2}{Bxd4}{Bxf6}
1: {Bxe6}{Bxf7}
1: 
1: {Bxb2}{Bxb2}{Bxf2}{Bxa7}
1: {Bxh6}{Bxf7}{Bxc5}{Bxh6}{Bxg7}
1: {Bxh6}{Bxc7}{Bxf7}{Bxa3}{Bxh6}{Bxg7}
1: {Bxb2}{Bxa3}{Bxe3}{Bxh7}{Bxe6}{Bxh7}{Bxa3}{Bxc5}
1: {Bxe4}{Bxb7}{Bxg3}{Bxa2}{Bxe4}{Bxb7}{Bxb2}{Bxc3}{Bxg3}{Bxd6}
1: {Bxf4}{Bxg5}
1: {Bxf2}{Bxh6}{Bxb4}{Bxg2}
1: {Bxh6}{Bxg7}
1: {Bxb2}
1: {Bxg2}{Bxc6}{Bxb7}{Bxe7}
1: {Bxf2}{Bxh6}
1: 
1: {Bxa6}{Bxe4}{Bxb7}
1: {Bxf2}{Bxb6}{Bxa7}
1: 
1: {Bxg5}{Bxa7}
1: {Bxd4}{Bxf4}{dxb2}
1: {Bxc4}{Bxg6}{Bxh7}
1: 
1: {Bxc4}{Bxh5}{Bxa6}{Bxg6}{Bxh7}
1: 
1: {Bxg7}
1: {Bxc4}{Bxb5}{Bxa3}
1: {Bxe5}{Bxg2}{Bxe4}
1: {Bxh3}{Bxc6}
1: {Bxb2}{Bxc2}{Bxd3}{Bxe4}{Bxf7}{Bxh7}{Bxd6}
1: 
1: 
1: 
1: {Bxa2}
1: {Rxh6}{Bxb4}
1: {Bxe4}{Bxh2}{Bxe5}{Bxf3}
1: 
1: 
1: 
1: {Bxb2}{Bxd4}
1: {Bxf7}
1: {Bxh2}{Bxb2}{Bxh2}{Bxg7}
1: {Bxb2}{Bxd2}{Bxe3}{Bxa2}{Bxb7}{Bxd7}{Bxg7}
1: {Bxh3}{Bxe7}
1: 
1: {Bxe6}{Bxh3}{Bxf5}{Bxe6}{Bxb7}
1: {Bxb3}{Bxf4}
1: {Bxb2}{Bxf2}{Bxg2}{Bxa6}
1: 
1: 
1: 
1: {Bxb4}{Bxd4}{Bxg7}
1: {Bxf2}{Bxh4}{Bxd6}{Bxg2}{Bxd5}{Bxb7}{Bxb2}{Bxh6}{Bxb7}
1: 
1: 
1: {Bxf3}{Bxd5}{Bxg6}{Bxh7}
1: 
1: 
1: 
1: {Bxb2}
1: {Bxb4}{Bxe5}{Bxg7}{Bxe5}{Bxc7}{Bxg4}{Bxa6}
1: {Bxd3}{Bxb3}{Bxe5}
1: {Bxb2}{Bxa3}{Bxf7}{Bxe4}{Bxa6}{Bxa3}
1: {Bxc7}
1: {Bxa3}{Bxd3}{Bxf7}{Bxh3}

1: {Bxc3}{Bxh6}{dxa2}{dxg2}{Bxf2}{Bxc7}
1: {Bxe2}{Bxg2}{Bxa6}{Bxh7}
1: {Bxb2}{Bxa3}{Bxg2}{Bxc6}{Bxh7}{Bxf2}{Bxa3}
1: 
1: {Bxb2}{Bxf4}{Bxa2}{Bxh3}{Bxb2}{Bxc3}
1: {Bxf3}{Bxh3}{Bxe4}{Bxb5}{Bxa6}
1: {Bxf3}{Bxh3}{Bxd5}{Bxc6}{Bxb7}{Bxb7}
1: {Bxh2}{Bxf4}{Bxc5}{Bxe6}{Bxb7}
1: 
1: {Bxb2}{Bxg2}{Bxg6}{Bxh7}{Bxg2}{Bxa6}
1: 
1: {Bxe4}{Bxe4}
1: {Bxa6}{Bxf2}{Bxh2}{Bxf2}{Bxa3}{Bxe3}{Bxb4}{Bxf7}
1: {Bxg2}{Bxh2}{fxb2}{Bxb7}
1: {Bxe6}
1: {Bxc2}{Bxa6}{Bxh3}
1: {Bxh4}{Bxg5}
1: {Bxg7}{Bxf2}{Bxc5}{Bxg7}
1: {Bxb2}{Bxc3}{Bxe5}{Bxa2}{Bxd5}{Bxe6}
1: {Bxc4}{Bxd5}{Bxf5}{Bxf7}
1: {Bxf5}
1: 
1: {Bxb2}{Bxc5}{Bxb7}
1: {Bxc5}{Bxe6}
1: {Bxg2}
1: {Bxg6}{Bxb2}{Bxa3}{Bxa3}{Bxh4}
1: 
1: {Bxc2}{Bxe4}{Bxf5}{Bxa6}{Bxg6}{Bxf2}{Bxf5}
1: {Bxb7}
1: {Bxf2}
1: {Bxf2}{Bxd6}{Bxc7}
1: {Bxb2}{Bxg2}{Bxa2}{Bxd5}{Bxf7}{Bxe7}
1: {Bxf2}{Bxa3}{Bxc4}
1: {Bxc3}{Bxg7}
1: 
1: {Bxc5}{Bxb6}{Bxe4}{Bxh5}{Bxe4}{Bxa6}
1: {Bxb2}{Bxd4}{Bxg7}
1: 
1: 
1: 
1: 
1: {Bxd3}{Bxa6}{Bxf7}{Bxb2}{Bxe5}{Bxg7}
1: {Bxb4}{Bxh4}
1: {Bxd6}{Bxg2}{Bxe4}{Bxb7}
1: {Bxa5}{Bxe5}{Bxg7}{Bxf7}
1: 
1: {Bxb2}{cxa2}{cxe6}{Bxf5}{Bxe6}{Bxc5}
1: 
1: {Bxb4}{Bxc5}
1: 
1: {Bxb4}{Bxa7}{Bxe4}{Bxc6}
1: 
1: 
1: {Bxg7}
1: {Bxg2}{Bxb7}
1: {Bxf7}{Bxb2}{Bxd4}{Bxh6}
1: 
1: 
1: {Bxg7}{Bxa3}
1: {Bxa6}
1: {Bxf2}{Bxd4}{Bxa5}
1: 
1: {Bxa3}{Bxc3}{Bxe5}{Bxg7}{Bxd3}{Bxa6}{Bxh3}{Bxf2}
1: {Bxg5}
1: {Bxf7}
1: {Bxh6}
1: {Bxh2}{Bxg3}
1: {Bxc4}{Bxh7}{Bxf2}{Bxd4}{Bxc5}{Bxb6}{Bxa7}{Bxc5}{Bxg2}{Bxd5}
1: 
1: {Bxb2}{Bxd4}{Bxe7}
1: {Bxd3}{Bxb2}{Bxh2}{Bxg3}{Bxg7}{Bxa6}
1: {Bxe3}{Bxh3}{Bxe6}{Bxd4}
1: {Bxa2}{Bxg2}
1: {Bxg2}{Bxd5}{dxa2}{dxg2}{dxf7}
1: 
1: {Bxh2}{Bxe6}{Bxg7}
1: {Bxg2}{Bxe4}
1: {Bxe5}{Bxd6}
1: {Bxb3}{Bxa6}{Bxf7}
1: 
1: {Bxf2}{Bxa3}{Bxb6}{Bxa7}
1: {Bxh3}{Bxg6}{Bxh7}{fxa2}{fxg6}
1: {Bxb2}{Bxa2}{Bxc2}{Bxf7}{Bxc2}{Bxf7}{Bxd6}
1: {Bxa3}{Bxf4}{Bxc4}{Bxa3}{Bxd6}{Bxg7}
1: {Rxh2}
1: {Bxa2}{Bxg7}
1: {Bxe4}{Bxb2}{Bxf2}{Bxc3}{Bxb6}{Bxa7}{Bxg7}
1: 
1: {Bxf5}{Bxc6}{Bxe6}{Bxb7}{Bxg7}
1: {Bxd3}{Bxb5}
1: {Bxh3}{Bxd5}{Bxd4}{Bxh3}{Bxg4}{Bxd4}{Bxh6}
1: {Bxh4}{Bxh4}
1: {Bxb4}{Bxh4}{Bxg5}{Bxd6}
1: {Bxe4}{Bxb7}
1: {Bxd6}
1: 

1: 
1: 
1: {Bxc6}{Bxe6}
1: {Bxb2}{Bxg2}{Bxe4}{fxa2}{fxg6}{Bxb2}{Bxc3}
1: {Bxg2}{Bxb5}{Bxa6}{Bxa6}{Bxe6}
1: {Bxb2}{Bxe5}{Bxg7}
1: {Bxf3}
1: {Bxg5}
1: 
1: 
1: {Bxb2}{Bxb2}{Bxe6}{Bxb7}
1: {Bxe5}{Bxg7}
1: {Bxb2}
1: {Bxa7}{Bxh3}
1: {Bxg7}
1: {Bxc4}{Bxf2}{Bxa7}{Bxb2}{Bxe5}
1: 
1: 
1: {Bxg6}{Bxh7}{Bxf4}{Bxf6}
1: {Bxg2}{Bxc4}{Bxe7}{Bxh6}{Bxe7}{Bxg7}
1: {Bxf2}{Bxh2}{Bxd6}{Bxf2}{Bxd6}
1: {Bxg4}{Bxf4}
1: {Bxd4}
1: {Bxg2}{Bxa6}{Bxd6}{Bxh6}{Bxg7}
1: {Bxg2}{Bxd5}{Bxd5}
1: {Bxc2}{Bxf5}{Bxh7}{Bxh2}{Bxa2}{Bxd5}{Bxf5}
1: {Bxf4}
1: 
1: {Bxc4}{Bxf5}
1: {Bxf2}{Bxh6}{Bxf2}
1: {Bxf2}{Bxa7}{Bxb2}{Bxe5}
1: 
1: {Bxe3}{Bxf4}{Bxc4}{Bxb2}{Bxe5}
1: {Bxe3}{Bxb4}{Bxe6}{Bxh7}{Bxh2}{Bxa3}{Bxb4}
1: {Bxg3}
1: {Bxg6}{Bxh7}{Bxa3}
1: {Bxd3}{Bxf7}{Bxf3}{Bxa7}{Bxc7}
1: {Bxb2}
1: {Bxf2}{Bxd4}{Bxa7}{Bxg7}
1: 
1: {Bxb2}{Bxd2}{Bxg5}
1: 
1: {Bxf2}{Bxd4}{Bxa7}{Bxh2}
1: 
1: 
1: {Bxe4}{Bxc4}
1: 
1: 
1: 
1: {Bxg7}
1: 
1: {Bxc4}{Bxe4}{Bxe5}{Bxd6}{Bxc7}
1: 
1: {Bxa3}{Bxe5}
1: {Bxh2}{Bxg3}
1: {Bxf2}{Bxa7}{Bxc7}
1: {Bxb2}{Bxf2}{Bxc3}{Bxc5}{Bxg7}{Bxh5}{Bxh4}{Bxc5}
1: 
1: 
1: {Bxc2}{Bxb5}{Bxa6}{Bxg2}{Bxe6}{Bxf7}
1: {Bxa4}{Bxg6}{Bxb2}{Bxc3}{Bxe5}{Bxg7}{Bxg7}
1: {Bxg2}{Bxh3}{Bxd4}{Bxg7}
1: 
1: {Bxf7}{Bxa3}{Bxb4}{Bxd6}{Bxh6}
1: {Bxg2}{Bxh3}
1: {Bxb2}{Bxf4}{Bxa2}{Bxc2}{Bxd5}{Bxb2}{Bxa6}
1: {Bxc2}{Bxe4}{Bxb5}{Bxf5}{Bxa6}{Bxh7}{Bxb2}{Bxe5}{Bxf5}{Bxa6}
1: 
1: {Bxc2}{Bxh7}{Bxf2}{Bxd4}{Bxa7}{Bxh2}{Bxc2}{Bxf7}{Bxh7}
1: {Bxg5}{Bxd6}{Bxh6}{Bxa2}{Bxb2}{Bxh6}
1: 
1: {Bxd4}{Bxg7}{Bxg7}
1: {Bxb2}{Bxe5}{gxc2}{gxe4}{gxf7}{gxh7}{Bxg5}{Bxa6}
1: {Bxg2}{Bxf2}{Bxd4}{Bxa7}{Bxb4}
1: {Bxa6}
1: {Bxf3}{Bxc4}{Bxc7}
1: 
1: {Bxc7}{Bxg2}{Bxa2}{Bxd4}{Bxa7}{Bxc7}
1: 
1: {Bxh7}{Bxh2}{Bxe5}{Bxc7}{Bxh7}
1: {Bxg2}
1: {Bxe5}
1: 
1: {Bxc5}{Bxf7}
1: 
1: 
1: {Bxg2}{Bxa6}{Bxf2}{Bxa2}
1: 
1: {Bxh2}{Bxc7}{Bxf5}{Bxb7}
1: 
1: {Bxc5}
1: 
1: 
1: {Bxa3}{Bxg5}{Bxd6}
1: 
1: {Bxd3}{Bxb5}{Bxd4}{Bxc5}{Bxh3}{Bxa3}{Bxc5}
1: {Bxe4}{Bxb5}
1: {Bxe3}{Bxf4}{Bxh6}
1: 
1: {Bxa6}
1: {Bxg2}{Bxc6}{Bxb7}{Bxh7}{Bxa2}{Bxb3}
1: {Bxb4}
1: {Bxf3}{Bxg4}{Bxg5}{Bxh6}{Bxa7}{Bxf3}{Bxd5}{Bxb2}{Bxf6}
1: {Bxb5}{Bxf7}{Bxa3}{Bxd7}
1: 

1: {Bxb2}{Bxd2}{Bxa2}{Bxc2}{Bxd5}{Bxf2}{Bxa7}{Bxb7}
1: {Bxa2}{Bxb2}{Bxc3}{Bxd4}
1: {Bxh3}{Bxe3}{Bxd4}{Bxa7}
1: {Bxh6}{Bxc7}{Bxg2}
1: 
1: 
1: {Bxe4}{Bxh2}{Bxa2}
1: {Bxh7}
1: 
1: {Bxf2}{Bxd4}{Bxa7}{Bxe6}{Bxb7}{Bxd7}{Bxg7}
1: 
1: {Bxa2}{Bxc4}{Bxf5}
1: {Bxd6}{Bxg2}{Bxe4}{Bxd5}{Bxg2}
1: {Bxe5}
1: {Bxa6}{Bxg6}{Bxh7}{Bxg2}{Bxf3}{Bxf7}{Bxa3}
1: 
1: 
1: {Bxb4}{Bxd4}{Bxe5}{Bxf4}
1: 
1: {Bxe5}{Bxg7}{Bxb7}
1: {Bxa3}{Bxe2}{Bxh2}{Bxa3}{Bxg3}{Bxc5}
1: 
1: {Bxa4}
1: {Bxa2}{Bxd3}{Bxe6}{Bxe5}
1: {Bxg2}{Bxf3}{Bxb5}
1: {Bxe5}{Bxe5}
1: 
1: {Bxb5}
1: {Bxa2}{Bxg2}{Bxf7}
1: {Bxb3}
1: {Bxf2}{Bxd6}{Bxd6}
1: {Bxa6}{Bxe6}{Bxf7}{Bxf2}{Bxd4}{Bxc3}{Bxd4}{Bxh6}
1: {Bxf6}
1: 
1: {Bxb3}{Bxh7}
1: {Bxb7}{Bxc7}{Bxa2}{Bxc4}
1: {Bxb3}{Bxe6}{Bxf7}
1: {Rxa2}{Rxh5}
1: {Bxg3}
1: {Bxf2}{Bxa7}{Bxb2}{Bxh2}{Bxc3}
1: 
1: {Bxb7}
1: {Bxc3}{Bxb4}
1: {Bxb2}{Bxa3}{Bxd3}{Bxa6}{Bxh3}{Bxf5}{Bxa6}{Bxb7}
1: {Bxg2}{Bxa6}
1: {Bxf4}{Bxa3}{Bxc5}
1: {Bxb2}
1: {Bxh6}{Bxf5}
1: {Bxf4}
1: {Bxf2}{Bxa7}{Bxa2}{Bxc4}{Bxb7}{Bxb7}
1: 
1: {Bxb4}
1: 
1: 
1: {Bxe5}{Bxe5}{Bxb7}{Bxd7}
1: {Bxb2}
1: {Bxa2}{Bxc2}{Bxd5}{Bxf7}{Bxd4}
1: {Bxd4}{Bxh6}{Bxa7}{Bxg2}{Bxd5}{Bxc6}{Bxb7}
1: {Bxb2}{Bxh6}{Bxd6}
1: 
1: {Bxg2}{Bxd5}{Bxb7}
1: {Bxg2}{Bxc4}
1: 
1: {Bxc5}
1: {Bxb7}
1: {Bxg5}{Bxh6}{Bxc7}
1: {Bxa3}
1: {Bxf7}{Bxf5}{Bxe6}{Bxd6}{Bxh6}
1: {Bxa2}{cxe5}{cxd6}{Bxb2}{Bxe5}
1: {Bxf2}{Bxa5}{Bxc7}
1: {Bxc2}{Bxe6}{Bxg2}{Bxa3}
1: 
1: {Bxb2}{Bxf6}{Bxb2}{Bxf6}
1: {Bxc4}{Bxa6}{Bxa3}{Bxb6}{Bxa6}
1: 
1: {Bxa2}{Bxc2}{Bxc4}{Bxd5}{Bxe6}{Bxf7}{Bxe6}
1: {Bxb2}{Bxd2}{Bxa7}
1: 
1: 
1: {Bxg2}
1: 
1: {Bxf4}{Bxg5}{Bxf4}{Bxd6}{Bxa2}{Bxb3}{Bxd5}
1: 
1: 
1: {Bxb2}{Bxh6}{Bxa2}{Bxf7}{Bxb2}{Bxc3}{Bxe5}{Bxh6}
1: 
1: 
1: 
1: {Bxg5}{Bxa3}{Bxc5}{Bxg5}{Bxd6}
1: {Bxe4}{Bxe4}
1: {Bxg6}{Bxh7}
1: 
1: 
1: {Bxc3}{Bxf4}
1: {Bxc2}{Bxc6}{Bxg6}{Bxa6}
1: {Bxd4}{Bxa7}{Bxc7}
1: 
1: {Bxe6}{Bxe6}{Bxb7}
1: 
1: 
1: {Bxe6}
1: 
1: {Bxf4}{Bxc3}{Bxd4}
1: {Bxc3}{Bxd4}{Bxc3}{Bxd4}{Bxh6}
1: {Bxf3}{Bxc4}{Bxg4}{Bxa6}{Bxc7}
1: {Bxc2}{Bxh7}
1: {Bxb2}{Bxh3}{Bxh7}{Bxb2}{Bxg7}
1: {Bxa2}{Bxg2}{Bxf7}
1: 
1: 
1: 
1: 
1: {Bxe4}{Bxg2}{Bxe4}{Bxd5}
1: {Bxf2}{Bxg7}

1: {Bxa2}{Bxh7}
1: {exb2}{exc7}
1: 
1: {Bxh7}{Bxb7}
1: {Bxh2}{Bxe5}
1: {Bxc4}
1: {Bxa2}{Bxg2}{Bxe4}
1: 
1: 
1: {Bxa2}{Bxb3}{Bxe6}{Bxf7}
1: 
1: {Bxb7}
1: {Bxb6}{Bxf6}
1: {Bxd2}{Bxa3}{Bxe3}{Bxc6}{Bxb7}{Bxb7}{Bxd7}
1: {Bxb5}{Bxf5}
1: 
1: 
1: {Bxh6}
1: {Bxf2}
1: 
1: 
1: {Bxb4}{Bxf4}{Bxc7}
1: {Bxg7}
1: 
1: {Bxf2}{Bxh2}{Bxe6}{Bxa3}{Bxc5}{Bxg7}
1: {Bxf6}{Bxa7}{Bxc7}
1: {Bxc3}{Bxa2}{Rxf6}
1: 
1: {Bxg3}{Bxe5}{Bxc7}
1: 
1: {Bxg2}
1: {Bxe2}{gxc7}{Bxb7}
1: {Bxb2}{Bxg7}
1: 
1: {Bxc3}{Bxc3}{Bxd4}{Bxg7}
1: {Bxg2}{Bxc6}{Bxb7}{Bxb2}{Bxh2}
1: {Bxe2}{Bxg2}{Bxc4}{Bxa3}{Bxf5}{Bxe6}{Bxb7}
1: {Bxh2}{Bxg7}
1: {Bxa2}{Bxe6}{Bxf7}
1: {Bxb4}
1: {Bxg6}
1: {Bxb2}{Bxg2}{Bxa6}{Bxa6}{Bxe6}{Bxb7}
1: {Bxb6}
1: {Bxg7}
1: {Bxa7}
1: {Bxg5}{Bxh6}{Bxd3}{Bxa6}{Bxf7}{Bxh6}
1: {Bxg2}{Bxf5}
1: {Bxa6}{Bxg2}{Bxa6}{Bxa3}
1: {Bxg2}{Bxd3}{Bxc4}{Bxb7}{Bxd7}{Bxc5}{Bxg7}
1: {Bxh2}{Bxb6}
1: {Bxg3}{Bxe5}{Bxh6}{Bxa2}{Bxc6}
1: {Bxd3}{Bxh3}
1: {Bxb5}{Bxd5}
1: 
1: {Bxf2}{Bxh2}{Bxd6}{Bxc7}
1: {Bxb2}{Bxe5}{Bxg7}{Bxa2}{Bxe6}{Bxf7}{Bxe6}{Bxb7}{Bxd7}
1: {Bxf7}
1: 
1: {bxa2}{bxc2}{bxf7}{Bxd6}{Bxg7}
1: 
1: {Bxh4}{Bxh4}
1: {Bxd4}{Bxg5}{Bxh2}
1: {Bxf6}{Bxg5}
1: {Bxe5}{Bxg7}
1: {Bxf6}{Bxg6}{Bxd7}
1: {Bxf2}{Bxf2}{Bxd6}{Bxa7}
1: {Bxc2}{Bxf3}{Bxb7}{Bxh7}{Bxa2}{Bxg4}{Bxf7}
1: {Bxa4}
1: 
1: {Bxa2}{Bxc2}{Bxf7}{Bxa2}{Bxf7}
1: {Bxb2}{Bxe3}{Bxh6}{Bxg6}
1: 
1: {Bxb5}{Bxe6}
1: {Bxe4}{Bxb7}{Bxh5}{Bxe6}{Bxg6}{Bxb2}{Bxc3}{Bxe5}
1: 
1: 
1: {Bxf7}
1: {Bxc4}
1: {Bxc4}{Bxg6}{Bxh7}{Bxe3}{Bxe5}{Bxd6}{Bxb2}{Bxe5}{Bxh3}{Bxb7}
1: {Bxb2}{Bxg7}
1: 
1: {Bxa3}
1: {Bxc5}{Bxc4}
1: {Bxb2}
1: {Rxb4}
1: {Bxb2}{Bxh6}{Bxb7}{Bxh6}{Bxg7}
1: {Bxc2}{Bxh3}{Bxf5}{Bxa6}{Bxb7}
1: {fxc2}{Bxc2}{Bxf5}
1: {Bxb2}{Bxa2}{Bxb7}{Bxd7}{Bxg7}
1: {Bxa2}{Bxa6}
1: {Bxa2}
1: {Bxb3}{Bxh3}{Bxc4}{Bxd5}{Bxf5}
1: {Bxc2}{Bxg6}{Bxh7}{Bxa4}{Bxd5}{Bxb7}
1: {Bxa2}{Bxf7}
1: {Bxb2}{Bxa2}{Bxb7}{Bxf2}{Bxd4}{Bxa7}{Bxc7}
1: 
1: 
1: 
1: {Bxa2}{Bxb5}{Bxa6}
1: {Bxc4}{Bxe4}{Bxb5}{Bxh7}{Bxf2}{Bxa5}
1: {Bxe5}{Bxg2}{Bxc4}{Bxf5}{Bxe5}
1: {Bxb2}{Bxh2}{Bxg6}{Bxh7}
1: {Bxb2}{Bxe2}{Bxg2}{Bxb5}{Bxd7}{Bxg7}
1: {Bxa3}{Bxf4}{Bxh6}
1: {Bxe4}{Bxa6}

1: {Bxb2}{Bxd2}{Bxa2}{Bxd6}{Bxb7}
1: {Bxf2}{Bxe7}{Bxh2}
1: 
1: {Bxb2}{Bxf2}{Bxc3}{Bxc5}{Bxa7}{Bxg7}
1: {Bxh3}{Bxd5}{Bxh3}{Bxa6}{Bxe6}
1: {Bxb2}{Bxd4}{Bxg7}
1: {Bxb2}{Bxc3}{Bxd4}{Bxg7}
1: 
1: 
1: {Bxe3}{Bxe5}{Bxb6}{Bxa7}{Bxg7}
1: {Bxb2}{Bxg7}{Bxc4}{Bxe4}{Bxh7}{Bxg2}{Bxf3}{Bxe4}{Bxd5}
1: 
1: {Bxb4}{Bxe5}
1: {Bxb2}{Bxg7}{Bxh3}{Bxb7}
1: 
1: {Bxg6}{Bxh7}
1: {Bxg4}{Bxb5}{Bxa6}{Bxg4}{Bxf5}{Bxb2}{Bxh2}{Bxd6}{Bxf6}{Bxc7}{Bxg7}
1: 
1: 
1: {Bxa2}{Bxb7}
1: {Bxa2}
1: 
1: {Bxc5}
1: {Bxa3}{Bxb4}{Bxg7}
1: 
1: {Bxa2}{Bxe4}{Bxe6}
1: {Bxg5}{Rxe4}
1: {Bxd5}{Bxd5}{Bxb2}{Bxe5}
1: {Rxg4}{Rxc6}{Bxf2}{Bxc5}{Bxg7}
1: 
1: {Bxa4}{Bxb7}
1: {Bxb3}{Bxe4}{Bxg6}{Bxh7}{Bxb6}{Bxf6}{Bxa7}{Bxf6}{Bxh3}
1: {Bxb2}{Bxg5}{Bxb4}{Bxh4}{Bxc5}{Bxg5}{Bxf6}
1: {Bxh6}{Bxa4}{Bxf2}{Bxc7}{Bxh3}{Bxa4}{Bxg4}
1: {Bxh3}{Bxe4}{Bxc6}{Bxb7}{Bxc2}{Bxe4}{Bxf4}{Bxa7}
1: {Bxb2}{Bxh7}
1: 